<?xml version="1.0" encoding="UTF-8"?>
<beans xmlns="http://www.springframework.org/schema/beans"
       xmlns:xsi="http://www.w3.org/2001/XMLSchema-instance"
       xmlns:context="http://www.springframework.org/schema/context" xmlns:tx="http://www.springframework.org/schema/tx"
       xmlns:aop="http://www.springframework.org/schema/aop"
       xsi:schemaLocation="http://www.springframework.org/schema/beans http://www.springframework.org/schema/beans/spring-beans.xsd http://www.springframework.org/schema/context http://www.springframework.org/schema/context/spring-context.xsd http://www.springframework.org/schema/tx http://www.springframework.org/schema/tx/spring-tx-2.5.xsd http://www.springframework.org/schema/aop http://www.springframework.org/schema/aop/spring-aop-2.0.xsd">

    <bean id="dataSource" class="org.unitils.database.UnitilsDataSourceFactoryBean"/>

    <bean class="net.therap.dao.UserDaoImpl" id="userDao">
        <property name="sessionFactory" ref="sessionFactory"/>
    </bean>

    <bean class="net.therap.service.UserServiceImpl" id="userService">
        <property name="userDao" ref="userDao"/>
    </bean>

    <bean class="net.therap.dao.AddressCardDaoImpl" id="addressCardDao">
        <property name="sessionFactory" ref="sessionFactory"/>
    </bean>

    <bean class="net.therap.service.AddressCardServiceImpl" id="addressCardService">
        <property name="addressCardDao" ref="addressCardDao"/>
    </bean>


    <bean class="org.springframework.orm.hibernate3.annotation.AnnotationSessionFactoryBean" id="sessionFactory">
        <property name="dataSource" ref="dataSource"/>
        <property name="packagesToScan" value="net.therap.domain"/>
        <property name="hibernateProperties">
            <props>
                <prop key="hibernate.hbm2ddl.auto">create-drop</prop>
                <prop key="hibernate.dialect">org.hibernate.dialect.HSQLDialect</prop>
            </props>
        </property>
    </bean>

    <context:component-scan base-package="net.therap.domain"/>

    <bean id="transactionManager" class="org.springframework.orm.hibernate3.HibernateTransactionManager">
        <property name="sessionFactory" ref="sessionFactory"/>
    </bean>

    <tx:advice id="txAdvice">
        <tx:attributes>
            <tx:method name="*" propagation="REQUIRED"/>
        </tx:attributes>
    </tx:advice>

    <aop:config>
        <aop:advisor pointcut="execution(* net.therap.service.*.*(..))" advice-ref="txAdvice"/>
    </aop:config>


</beans>